<?xml version="1.0" encoding="UTF-8"?>
<testng-results ignored="0" total="1" passed="1" failed="0" skipped="0">
  <reporter-output>
  </reporter-output>
  <suite started-at="2024-06-05T11:43:43 IST" name="Default suite" finished-at="2024-06-05T12:01:35 IST" duration-ms="1071919">
    <groups>
      <group name="smoke">
        <method signature="BooksAddToCartVerify.AddToBook()[pri:0, instance:verifyBookAddToCart.BooksAddToCartVerify@66d3eec0]" name="AddToBook" class="verifyBookAddToCart.BooksAddToCartVerify"/>
      </group> <!-- smoke -->
    </groups>
    <test started-at="2024-06-05T11:43:43 IST" name="Default test" finished-at="2024-06-05T12:01:35 IST" duration-ms="1071919">
      <class name="verifyBookAddToCart.BooksAddToCartVerify">
        <test-method is-config="true" signature="configReport()[pri:0, instance:verifyBookAddToCart.BooksAddToCartVerify@66d3eec0]" started-at="2024-06-05T11:43:42 IST" name="configReport" finished-at="2024-06-05T11:43:43 IST" duration-ms="431" status="PASS">
          <reporter-output>
          </reporter-output>
        </test-method> <!-- configReport -->
        <test-method is-config="true" signature="configBC()[pri:0, instance:verifyBookAddToCart.BooksAddToCartVerify@66d3eec0]" started-at="2024-06-05T11:43:43 IST" name="configBC" finished-at="2024-06-05T11:43:51 IST" duration-ms="7829" status="PASS">
          <reporter-output>
          </reporter-output>
        </test-method> <!-- configBC -->
        <test-method is-config="true" signature="configBM(java.lang.reflect.Method)[pri:0, instance:verifyBookAddToCart.BooksAddToCartVerify@66d3eec0]" started-at="2024-06-05T11:43:51 IST" name="configBM" finished-at="2024-06-05T11:50:49 IST" duration-ms="418377" status="PASS">
          <params>
            <param index="0">
              <value>
                <![CDATA[public void verifyBookAddToCart.BooksAddToCartVerify.AddToBook() throws java.io.IOException]]>
              </value>
            </param>
          </params>
          <reporter-output>
          </reporter-output>
        </test-method> <!-- configBM -->
        <test-method signature="AddToBook()[pri:0, instance:verifyBookAddToCart.BooksAddToCartVerify@66d3eec0]" started-at="2024-06-05T12:01:19 IST" name="AddToBook" finished-at="2024-06-05T12:01:26 IST" duration-ms="7022" status="PASS">
          <reporter-output>
          </reporter-output>
        </test-method> <!-- AddToBook -->
        <test-method is-config="true" signature="configAM()[pri:0, instance:verifyBookAddToCart.BooksAddToCartVerify@66d3eec0]" started-at="2024-06-05T12:01:26 IST" name="configAM" finished-at="2024-06-05T12:01:27 IST" duration-ms="1191" status="PASS">
          <reporter-output>
          </reporter-output>
        </test-method> <!-- configAM -->
        <test-method is-config="true" signature="configAC()[pri:0, instance:verifyBookAddToCart.BooksAddToCartVerify@66d3eec0]" started-at="2024-06-05T12:01:34 IST" name="configAC" finished-at="2024-06-05T12:01:35 IST" duration-ms="471" status="PASS">
          <reporter-output>
          </reporter-output>
        </test-method> <!-- configAC -->
        <test-method is-config="true" signature="reportBackup()[pri:0, instance:verifyBookAddToCart.BooksAddToCartVerify@66d3eec0]" started-at="2024-06-05T12:01:35 IST" name="reportBackup" finished-at="2024-06-05T12:01:35 IST" duration-ms="499" status="PASS">
          <reporter-output>
          </reporter-output>
        </test-method> <!-- reportBackup -->
      </class> <!-- verifyBookAddToCart.BooksAddToCartVerify -->
    </test> <!-- Default test -->
  </suite> <!-- Default suite -->
</testng-results>
