<?xml version="1.0" encoding="UTF-8"?>
<!-- Generated by org.testng.reporters.JUnitXMLReporter -->
<testsuite ignored="1" hostname="LAPTOP-ERPPF1UC" failures="0" tests="1" name="Test" time="14.912" errors="0" timestamp="2024-05-28T16:52:09 IST">
  <testcase classname="verifyComputersAddToCart.ComputersAddToCartVerify" name="AddToComputers" time="3.983"/>
  <testcase classname="verifyBookAddToCart.BooksAddToCartVerify" name="AddToBook" time="0.0">
    <ignored/>
  </testcase> <!-- AddToBook -->
</testsuite> <!-- Test -->
